# JRE version: OpenJDK Runtime Environment Corretto-11.0.16.9.1 (11.0.16.1+9) (build 11.0.16.1+9-LTS)
# Java VM: OpenJDK 64-Bit Server VM Corretto-11.0.16.9.1 (11.0.16.1+9-LTS, mixed mode, tiered, compressed oops, g1 gc, windows-amd64)
Heap:
 garbage-first heap   total 110592K, used 34357K [0x00000000c3c00000, 0x0000000100000000)
  region size 1024K, 5 young (5120K), 5 survivors (5120K)
 Metaspace       used 65896K, capacity 68220K, committed 68272K, reserved 1116160K
  class space    used 8755K, capacity 9676K, committed 9728K, reserved 1048576K
GC Heap History (20 events):
Event: 8.058 GC heap before
{Heap before GC invocations=12 (full 0):
 garbage-first heap   total 76800K, used 49087K [0x00000000c3c00000, 0x0000000100000000)
  region size 1024K, 36 young (36864K), 3 survivors (3072K)
 Metaspace       used 33176K, capacity 34270K, committed 34608K, reserved 1079296K
  class space    used 4164K, capacity 4616K, committed 4736K, reserved 1048576K
}
Event: 8.066 GC heap after
{Heap after GC invocations=13 (full 0):
 garbage-first heap   total 76800K, used 16646K [0x00000000c3c00000, 0x0000000100000000)
  region size 1024K, 4 young (4096K), 4 survivors (4096K)
 Metaspace       used 33176K, capacity 34270K, committed 34608K, reserved 1079296K
  class space    used 4164K, capacity 4616K, committed 4736K, reserved 1048576K
}
Event: 8.464 GC heap before
{Heap before GC invocations=13 (full 0):
 garbage-first heap   total 76800K, used 34054K [0x00000000c3c00000, 0x0000000100000000)
  region size 1024K, 22 young (22528K), 4 survivors (4096K)
 Metaspace       used 34571K, capacity 35729K, committed 35888K, reserved 1081344K
  class space    used 4381K, capacity 4877K, committed 4992K, reserved 1048576K
}
Event: 8.474 GC heap after
{Heap after GC invocations=14 (full 0):
 garbage-first heap   total 76800K, used 17786K [0x00000000c3c00000, 0x0000000100000000)
  region size 1024K, 4 young (4096K), 4 survivors (4096K)
 Metaspace       used 34571K, capacity 35729K, committed 35888K, reserved 1081344K
  class space    used 4381K, capacity 4877K, committed 4992K, reserved 1048576K
}
Event: 10.062 GC heap before
{Heap before GC invocations=15 (full 0):
 garbage-first heap   total 76800K, used 52602K [0x00000000c3c00000, 0x0000000100000000)
  region size 1024K, 39 young (39936K), 4 survivors (4096K)
 Metaspace       used 37968K, capacity 39367K, committed 39728K, reserved 1083392K
  class space    used 4825K, capacity 5394K, committed 5504K, reserved 1048576K
}
Event: 10.074 GC heap after
{Heap after GC invocations=16 (full 0):
 garbage-first heap   total 92160K, used 20106K [0x00000000c3c00000, 0x0000000100000000)
  region size 1024K, 5 young (5120K), 5 survivors (5120K)
 Metaspace       used 37968K, capacity 39367K, committed 39728K, reserved 1083392K
  class space    used 4825K, capacity 5394K, committed 5504K, reserved 1048576K
}
Event: 11.239 GC heap before
{Heap before GC invocations=16 (full 0):
 garbage-first heap   total 92160K, used 63114K [0x00000000c3c00000, 0x0000000100000000)
  region size 1024K, 47 young (48128K), 5 survivors (5120K)
 Metaspace       used 43624K, capacity 45146K, committed 45488K, reserved 1089536K
  class space    used 5686K, capacity 6292K, committed 6400K, reserved 1048576K
}
Event: 11.255 GC heap after
{Heap after GC invocations=17 (full 0):
 garbage-first heap   total 92160K, used 22052K [0x00000000c3c00000, 0x0000000100000000)
  region size 1024K, 5 young (5120K), 5 survivors (5120K)
 Metaspace       used 43624K, capacity 45146K, committed 45488K, reserved 1089536K
  class space    used 5686K, capacity 6292K, committed 6400K, reserved 1048576K
}
Event: 12.483 GC heap before
{Heap before GC invocations=17 (full 0):
 garbage-first heap   total 92160K, used 66084K [0x00000000c3c00000, 0x0000000100000000)
  region size 1024K, 48 young (49152K), 5 survivors (5120K)
 Metaspace       used 51087K, capacity 52709K, committed 52784K, reserved 1095680K
  class space    used 6610K, capacity 7282K, committed 7296K, reserved 1048576K
}
Event: 12.500 GC heap after
{Heap after GC invocations=18 (full 0):
 garbage-first heap   total 92160K, used 24969K [0x00000000c3c00000, 0x0000000100000000)
  region size 1024K, 5 young (5120K), 5 survivors (5120K)
 Metaspace       used 51087K, capacity 52709K, committed 52784K, reserved 1095680K
  class space    used 6610K, capacity 7282K, committed 7296K, reserved 1048576K
}
Event: 14.244 GC heap before
{Heap before GC invocations=18 (full 0):
 garbage-first heap   total 92160K, used 70025K [0x00000000c3c00000, 0x0000000100000000)
  region size 1024K, 49 young (50176K), 5 survivors (5120K)
 Metaspace       used 57551K, capacity 59383K, committed 59440K, reserved 1099776K
  class space    used 7550K, capacity 8290K, committed 8320K, reserved 1048576K
}
Event: 14.258 GC heap after
{Heap after GC invocations=19 (full 0):
 garbage-first heap   total 92160K, used 27402K [0x00000000c3c00000, 0x0000000100000000)
  region size 1024K, 6 young (6144K), 6 survivors (6144K)
 Metaspace       used 57551K, capacity 59383K, committed 59440K, reserved 1099776K
  class space    used 7550K, capacity 8290K, committed 8320K, reserved 1048576K
}
Event: 14.402 GC heap before
{Heap before GC invocations=19 (full 0):
 garbage-first heap   total 92160K, used 33546K [0x00000000c3c00000, 0x0000000100000000)
  region size 1024K, 13 young (13312K), 6 survivors (6144K)
 Metaspace       used 58379K, capacity 60176K, committed 60240K, reserved 1101824K
  class space    used 7672K, capacity 8427K, committed 8448K, reserved 1048576K
}
Event: 14.421 GC heap after
{Heap after GC invocations=20 (full 0):
 garbage-first heap   total 110592K, used 27569K [0x00000000c3c00000, 0x0000000100000000)
  region size 1024K, 3 young (3072K), 3 survivors (3072K)
 Metaspace       used 58379K, capacity 60176K, committed 60240K, reserved 1101824K
  class space    used 7672K, capacity 8427K, committed 8448K, reserved 1048576K
}
Event: 17.333 GC heap before
{Heap before GC invocations=21 (full 0):
 garbage-first heap   total 110592K, used 76721K [0x00000000c3c00000, 0x0000000100000000)
  region size 1024K, 51 young (52224K), 3 survivors (3072K)
 Metaspace       used 61145K, capacity 63136K, committed 63408K, reserved 1103872K
  class space    used 8048K, capacity 8851K, committed 8960K, reserved 1048576K
}
Event: 17.355 GC heap after
{Heap after GC invocations=22 (full 0):
 garbage-first heap   total 110592K, used 30049K [0x00000000c3c00000, 0x0000000100000000)
  region size 1024K, 5 young (5120K), 5 survivors (5120K)
 Metaspace       used 61145K, capacity 63136K, committed 63408K, reserved 1103872K
  class space    used 8048K, capacity 8851K, committed 8960K, reserved 1048576K
}
Event: 20.582 GC heap before
{Heap before GC invocations=22 (full 0):
 garbage-first heap   total 110592K, used 83297K [0x00000000c3c00000, 0x0000000100000000)
  region size 1024K, 57 young (58368K), 5 survivors (5120K)
 Metaspace       used 64340K, capacity 66412K, committed 66608K, reserved 1105920K
  class space    used 8518K, capacity 9341K, committed 9344K, reserved 1048576K
}
Event: 20.616 GC heap after
{Heap after GC invocations=23 (full 0):
 garbage-first heap   total 110592K, used 33760K [0x00000000c3c00000, 0x0000000100000000)
  region size 1024K, 7 young (7168K), 7 survivors (7168K)
 Metaspace       used 64340K, capacity 66412K, committed 66608K, reserved 1105920K
  class space    used 8518K, capacity 9341K, committed 9344K, reserved 1048576K
}
Event: 21.273 GC heap before
{Heap before GC invocations=23 (full 0):
 garbage-first heap   total 110592K, used 47072K [0x00000000c3c00000, 0x0000000100000000)
  region size 1024K, 21 young (21504K), 7 survivors (7168K)
 Metaspace       used 65896K, capacity 68220K, committed 68272K, reserved 1114112K
  class space    used 8755K, capacity 9676K, committed 9728K, reserved 1048576K
}
Event: 21.385 GC heap after
{Heap after GC invocations=24 (full 0):
 garbage-first heap   total 110592K, used 34357K [0x00000000c3c00000, 0x0000000100000000)
  region size 1024K, 5 young (5120K), 5 survivors (5120K)
 Metaspace       used 65896K, capacity 68220K, committed 68272K, reserved 1114112K
  class space    used 8755K, capacity 9676K, committed 9728K, reserved 1048576K
}

